{"/home/kd/next-typescript-template/src/app/page.tsx": {"path":"/home/kd/next-typescript-template/src/app/page.tsx","statementMap":{"0":{"start":{"line":3,"column":24},"end":{"line":3,"column":null}},"1":{"start":{"line":1,"column":27},"end":{"line":1,"column":null}}},"fnMap":{"0":{"name":"HomePage","decl":{"start":{"line":3,"column":24},"end":{"line":3,"column":null}},"loc":{"start":{"line":3,"column":24},"end":{"line":18,"column":null}}}},"branchMap":{},"s":{"0":3,"1":1},"f":{"0":3},"b":{}}
,"/home/kd/next-typescript-template/src/components/layout/Footer.tsx": {"path":"/home/kd/next-typescript-template/src/components/layout/Footer.tsx","statementMap":{"0":{"start":{"line":1,"column":16},"end":{"line":1,"column":null}}},"fnMap":{"0":{"name":"Footer","decl":{"start":{"line":1,"column":16},"end":{"line":1,"column":null}},"loc":{"start":{"line":1,"column":16},"end":{"line":11,"column":null}}}},"branchMap":{},"s":{"0":3},"f":{"0":3},"b":{}}
,"/home/kd/next-typescript-template/src/components/layout/Header.tsx": {"path":"/home/kd/next-typescript-template/src/components/layout/Header.tsx","statementMap":{"0":{"start":{"line":6,"column":16},"end":{"line":6,"column":null}},"1":{"start":{"line":3,"column":17},"end":{"line":3,"column":null}},"2":{"start":{"line":4,"column":28},"end":{"line":4,"column":null}},"3":{"start":{"line":7,"column":21},"end":{"line":13,"column":null}},"4":{"start":{"line":24,"column":14},"end":{"line":25,"column":null}}},"fnMap":{"0":{"name":"Header","decl":{"start":{"line":6,"column":16},"end":{"line":6,"column":null}},"loc":{"start":{"line":6,"column":16},"end":{"line":40,"column":null}}},"1":{"name":"(anonymous_3)","decl":{"start":{"line":23,"column":28},"end":{"line":23,"column":29}},"loc":{"start":{"line":24,"column":14},"end":{"line":25,"column":null}}}},"branchMap":{"0":{"loc":{"start":{"line":26,"column":22},"end":{"line":26,"column":null}},"type":"binary-expr","locations":[{"start":{"line":26,"column":22},"end":{"line":26,"column":31}},{"start":{"line":26,"column":35},"end":{"line":26,"column":null}}]}},"s":{"0":3,"1":1,"2":1,"3":3,"4":15},"f":{"0":3,"1":15},"b":{"0":[15,3]}}
,"/home/kd/next-typescript-template/src/components/layout/MainLayout.tsx": {"path":"/home/kd/next-typescript-template/src/components/layout/MainLayout.tsx","statementMap":{"0":{"start":{"line":5,"column":16},"end":{"line":5,"column":27}},"1":{"start":{"line":2,"column":23},"end":{"line":2,"column":null}},"2":{"start":{"line":3,"column":23},"end":{"line":3,"column":null}}},"fnMap":{"0":{"name":"MainLayout","decl":{"start":{"line":5,"column":16},"end":{"line":5,"column":27}},"loc":{"start":{"line":5,"column":64},"end":{"line":13,"column":null}}}},"branchMap":{},"s":{"0":3,"1":1,"2":1},"f":{"0":3},"b":{}}
,"/home/kd/next-typescript-template/src/components/theme/theme-toggle-client.tsx": {"path":"/home/kd/next-typescript-template/src/components/theme/theme-toggle-client.tsx","statementMap":{"0":{"start":{"line":7,"column":24},"end":{"line":7,"column":null}},"1":{"start":{"line":3,"column":26},"end":{"line":3,"column":null}},"2":{"start":{"line":4,"column":25},"end":{"line":4,"column":null}},"3":{"start":{"line":5,"column":23},"end":{"line":5,"column":null}},"4":{"start":{"line":8,"column":30},"end":{"line":8,"column":null}},"5":{"start":{"line":15,"column":21},"end":{"line":15,"column":null}}},"fnMap":{"0":{"name":"ThemeToggle","decl":{"start":{"line":7,"column":24},"end":{"line":7,"column":null}},"loc":{"start":{"line":7,"column":24},"end":{"line":21,"column":null}}},"1":{"name":"(anonymous_2)","decl":{"start":{"line":15,"column":15},"end":{"line":15,"column":21}},"loc":{"start":{"line":15,"column":21},"end":{"line":15,"column":null}}}},"branchMap":{"0":{"loc":{"start":{"line":15,"column":30},"end":{"line":15,"column":null}},"type":"cond-expr","locations":[{"start":{"line":15,"column":50},"end":{"line":15,"column":59}},{"start":{"line":15,"column":59},"end":{"line":15,"column":null}}]},"1":{"loc":{"start":{"line":17,"column":27},"end":{"line":17,"column":59}},"type":"cond-expr","locations":[{"start":{"line":17,"column":27},"end":{"line":17,"column":59}}]}},"s":{"0":6,"1":1,"2":1,"3":1,"4":3,"5":0},"f":{"0":3,"1":0},"b":{"0":[0,0],"1":[0]}}
,"/home/kd/next-typescript-template/src/components/theme/theme-toggle.tsx": {"path":"/home/kd/next-typescript-template/src/components/theme/theme-toggle.tsx","statementMap":{"0":{"start":{"line":4,"column":13},"end":{"line":4,"column":27}},"1":{"start":{"line":1,"column":20},"end":{"line":1,"column":null}},"2":{"start":{"line":4,"column":41},"end":{"line":4,"column":null}}},"fnMap":{"0":{"name":"(anonymous_5)","decl":{"start":{"line":4,"column":35},"end":{"line":4,"column":41}},"loc":{"start":{"line":4,"column":41},"end":{"line":4,"column":null}}},"1":{"name":"(anonymous_6)","decl":{"start":{"line":4,"column":41},"end":{"line":4,"column":48}},"loc":{"start":{"line":4,"column":41},"end":{"line":4,"column":null}}}},"branchMap":{},"s":{"0":3,"1":1,"2":2},"f":{"0":1,"1":1},"b":{}}
,"/home/kd/next-typescript-template/src/components/ui/button.tsx": {"path":"/home/kd/next-typescript-template/src/components/ui/button.tsx","statementMap":{"0":{"start":{"line":51,"column":9},"end":{"line":51,"column":15}},"1":{"start":{"line":51,"column":17},"end":{"line":51,"column":31}},"2":{"start":{"line":1,"column":23},"end":{"line":1,"column":null}},"3":{"start":{"line":2,"column":21},"end":{"line":2,"column":null}},"4":{"start":{"line":3,"column":39},"end":{"line":3,"column":null}},"5":{"start":{"line":5,"column":19},"end":{"line":5,"column":null}},"6":{"start":{"line":7,"column":23},"end":{"line":32,"column":null}},"7":{"start":{"line":41,"column":15},"end":{"line":47,"column":null}},"8":{"start":{"line":43,"column":17},"end":{"line":43,"column":null}},"9":{"start":{"line":49,"column":0},"end":{"line":49,"column":null}}},"fnMap":{"0":{"name":"(anonymous_6)","decl":{"start":{"line":42,"column":2},"end":{"line":42,"column":3}},"loc":{"start":{"line":42,"column":60},"end":{"line":47,"column":null}}}},"branchMap":{"0":{"loc":{"start":{"line":42,"column":31},"end":{"line":42,"column":46}},"type":"default-arg","locations":[{"start":{"line":42,"column":41},"end":{"line":42,"column":46}}]},"1":{"loc":{"start":{"line":43,"column":17},"end":{"line":43,"column":null}},"type":"cond-expr","locations":[{"start":{"line":43,"column":27},"end":{"line":43,"column":31}},{"start":{"line":43,"column":34},"end":{"line":43,"column":null}}]}},"s":{"0":3,"1":0,"2":1,"3":1,"4":1,"5":1,"6":1,"7":1,"8":3,"9":1},"f":{"0":3},"b":{"0":[3],"1":[0,3]}}
,"/home/kd/next-typescript-template/src/lib/utils.ts": {"path":"/home/kd/next-typescript-template/src/lib/utils.ts","statementMap":{"0":{"start":{"line":4,"column":16},"end":{"line":4,"column":19}},"1":{"start":{"line":1,"column":38},"end":{"line":1,"column":null}},"2":{"start":{"line":2,"column":24},"end":{"line":2,"column":null}},"3":{"start":{"line":5,"column":2},"end":{"line":5,"column":null}}},"fnMap":{"0":{"name":"cn","decl":{"start":{"line":4,"column":16},"end":{"line":4,"column":19}},"loc":{"start":{"line":4,"column":42},"end":{"line":6,"column":null}}}},"branchMap":{},"s":{"0":3,"1":1,"2":1,"3":3},"f":{"0":3},"b":{}}
}
