TN:
SF:src/app/page.tsx
FN:3,HomePage
FNF:1
FNH:1
FNDA:3,HomePage
DA:1,1
DA:3,3
LF:2
LH:2
BRF:0
BRH:0
end_of_record
TN:
SF:src/components/layout/Footer.tsx
FN:1,Footer
FNF:1
FNH:1
FNDA:3,Footer
DA:1,3
LF:1
LH:1
BRF:0
BRH:0
end_of_record
TN:
SF:src/components/layout/Header.tsx
FN:6,Header
FN:23,(anonymous_3)
FNF:2
FNH:2
FNDA:3,Header
FNDA:15,(anonymous_3)
DA:3,1
DA:4,1
DA:6,3
DA:7,3
DA:24,15
LF:5
LH:5
BRDA:26,0,0,15
BRDA:26,0,1,3
BRF:2
BRH:2
end_of_record
TN:
SF:src/components/layout/MainLayout.tsx
FN:5,MainLayout
FNF:1
FNH:1
FNDA:3,MainLayout
DA:2,1
DA:3,1
DA:5,3
LF:3
LH:3
BRF:0
BRH:0
end_of_record
TN:
SF:src/components/theme/theme-toggle-client.tsx
FN:7,ThemeToggle
FN:15,(anonymous_2)
FNF:2
FNH:1
FNDA:3,ThemeToggle
FNDA:0,(anonymous_2)
DA:3,1
DA:4,1
DA:5,1
DA:7,6
DA:8,3
DA:15,0
LF:6
LH:5
BRDA:15,0,0,0
BRDA:15,0,1,0
BRDA:17,1,0,0
BRF:3
BRH:0
end_of_record
TN:
SF:src/components/theme/theme-toggle.tsx
FN:4,(anonymous_5)
FN:4,(anonymous_6)
FNF:2
FNH:2
FNDA:1,(anonymous_5)
FNDA:1,(anonymous_6)
DA:1,1
DA:4,3
LF:2
LH:2
BRF:0
BRH:0
end_of_record
TN:
SF:src/components/ui/button.tsx
FN:42,(anonymous_6)
FNF:1
FNH:1
FNDA:3,(anonymous_6)
DA:1,1
DA:2,1
DA:3,1
DA:5,1
DA:7,1
DA:41,1
DA:43,3
DA:49,1
DA:51,3
LF:9
LH:9
BRDA:42,0,0,3
BRDA:43,1,0,0
BRDA:43,1,1,3
BRF:3
BRH:2
end_of_record
TN:
SF:src/lib/utils.ts
FN:4,cn
FNF:1
FNH:1
FNDA:3,cn
DA:1,1
DA:2,1
DA:4,3
DA:5,3
LF:4
LH:4
BRF:0
BRH:0
end_of_record
